<?xml version='1.0' encoding='UTF-8'?>
<testsuite hostname="pop-os" name="collection.CollectionTestSpec" tests="2" errors="0" failures="0" skipped="0" time="0.067" timestamp="2023-06-27T00:00:14">
          <properties>
[...]
</properties>
          <testcase classname="collection.CollectionTestSpec" name="The Collection test should compute some value for first method" time="0.045">
                      
                    </testcase><testcase classname="collection.CollectionTestSpec" name="The Collection test should compute some value for second method" time="0.022">
                      
                    </testcase>
          <system-out><![CDATA[]]></system-out>
          <system-err><![CDATA[]]></system-err>
        </testsuite>